This file contains any messages produced by compilers while
running configure, to aid debugging if configure makes a mistake.

It was created by zeromq configure 4.1.6, which was
generated by GNU Autoconf 2.69.  Invocation command line was

  $ ./configure 

## --------- ##
## Platform. ##
## --------- ##

hostname = brent-VirtualBox
uname -m = x86_64
uname -r = 4.8.0-46-generic
uname -s = Linux
uname -v = #49~16.04.1-Ubuntu SMP Fri Mar 31 14:51:03 UTC 2017

/usr/bin/uname -p = unknown
/bin/uname -X     = unknown

/bin/arch              = unknown
/usr/bin/arch -k       = unknown
/usr/convex/getsysinfo = unknown
/usr/bin/hostinfo      = unknown
/bin/machine           = unknown
/usr/bin/oslevel       = unknown
/bin/universe          = unknown

PATH: /home/brent/bin
PATH: /home/brent/.local/bin
PATH: /usr/local/sbin
PATH: /usr/local/bin
PATH: /usr/sbin
PATH: /usr/bin
PATH: /sbin
PATH: /bin
PATH: /usr/games
PATH: /usr/local/games
PATH: /snap/bin


## ----------- ##
## Core tests. ##
## ----------- ##

configure:2858: checking for a BSD-compatible install
configure:2926: result: /usr/bin/install -c
configure:2937: checking whether build environment is sane
configure:2992: result: yes
configure:3143: checking for a thread-safe mkdir -p
configure:3182: result: /bin/mkdir -p
configure:3189: checking for gawk
configure:3219: result: no
configure:3189: checking for mawk
configure:3205: found /usr/bin/mawk
configure:3216: result: mawk
configure:3227: checking whether make sets $(MAKE)
configure:3249: result: yes
configure:3278: checking whether make supports nested variables
configure:3295: result: yes
configure:3384: checking whether UID '1000' is supported by ustar format
configure:3387: result: yes
configure:3394: checking whether GID '1000' is supported by ustar format
configure:3397: result: yes
configure:3405: checking how to create a ustar tar archive
configure:3416: tar --version
tar (GNU tar) 1.28
Copyright (C) 2014 Free Software Foundation, Inc.
License GPLv3+: GNU GPL version 3 or later <http://gnu.org/licenses/gpl.html>.
This is free software: you are free to change and redistribute it.
There is NO WARRANTY, to the extent permitted by law.

Written by John Gilmore and Jay Fenlason.
configure:3419: $? = 0
configure:3459: tardir=conftest.dir && eval tar --format=ustar -chf - "$tardir" >conftest.tar
configure:3462: $? = 0
configure:3466: tar -xf - <conftest.tar
configure:3469: $? = 0
configure:3471: cat conftest.dir/file
GrepMe
configure:3474: $? = 0
configure:3487: result: gnutar
configure:3549: checking whether make supports nested variables
configure:3566: result: yes
configure:3656: checking for gcc
configure:3672: found /usr/bin/gcc
configure:3683: result: gcc
configure:3912: checking for C compiler version
configure:3921: gcc --version >&5
gcc (Ubuntu 5.4.0-6ubuntu1~16.04.4) 5.4.0 20160609
Copyright (C) 2015 Free Software Foundation, Inc.
This is free software; see the source for copying conditions.  There is NO
warranty; not even for MERCHANTABILITY or FITNESS FOR A PARTICULAR PURPOSE.

configure:3932: $? = 0
configure:3921: gcc -v >&5
Using built-in specs.
COLLECT_GCC=gcc
COLLECT_LTO_WRAPPER=/usr/lib/gcc/x86_64-linux-gnu/5/lto-wrapper
Target: x86_64-linux-gnu
Configured with: ../src/configure -v --with-pkgversion='Ubuntu 5.4.0-6ubuntu1~16.04.4' --with-bugurl=file:///usr/share/doc/gcc-5/README.Bugs --enable-languages=c,ada,c++,java,go,d,fortran,objc,obj-c++ --prefix=/usr --program-suffix=-5 --enable-shared --enable-linker-build-id --libexecdir=/usr/lib --without-included-gettext --enable-threads=posix --libdir=/usr/lib --enable-nls --with-sysroot=/ --enable-clocale=gnu --enable-libstdcxx-debug --enable-libstdcxx-time=yes --with-default-libstdcxx-abi=new --enable-gnu-unique-object --disable-vtable-verify --enable-libmpx --enable-plugin --with-system-zlib --disable-browser-plugin --enable-java-awt=gtk --enable-gtk-cairo --with-java-home=/usr/lib/jvm/java-1.5.0-gcj-5-amd64/jre --enable-java-home --with-jvm-root-dir=/usr/lib/jvm/java-1.5.0-gcj-5-amd64 --with-jvm-jar-dir=/usr/lib/jvm-exports/java-1.5.0-gcj-5-amd64 --with-arch-directory=amd64 --with-ecj-jar=/usr/share/java/eclipse-ecj.jar --enable-objc-gc --enable-multiarch --disable-werror --with-arch-32=i686 --with-abi=m64 --with-multilib-list=m32,m64,mx32 --enable-multilib --with-tune=generic --enable-checking=release --build=x86_64-linux-gnu --host=x86_64-linux-gnu --target=x86_64-linux-gnu
Thread model: posix
gcc version 5.4.0 20160609 (Ubuntu 5.4.0-6ubuntu1~16.04.4) 
configure:3932: $? = 0
configure:3921: gcc -V >&5
gcc: error: unrecognized command line option '-V'
gcc: fatal error: no input files
compilation terminated.
configure:3932: $? = 1
configure:3921: gcc -qversion >&5
gcc: error: unrecognized command line option '-qversion'
gcc: fatal error: no input files
compilation terminated.
configure:3932: $? = 1
configure:3952: checking whether the C compiler works
configure:3974: gcc    conftest.c  >&5
configure:3978: $? = 0
configure:4026: result: yes
configure:4029: checking for C compiler default output file name
configure:4031: result: a.out
configure:4037: checking for suffix of executables
configure:4044: gcc -o conftest    conftest.c  >&5
configure:4048: $? = 0
configure:4070: result: 
configure:4092: checking whether we are cross compiling
configure:4100: gcc -o conftest    conftest.c  >&5
configure:4104: $? = 0
configure:4111: ./conftest
configure:4115: $? = 0
configure:4130: result: no
configure:4135: checking for suffix of object files
configure:4157: gcc -c   conftest.c >&5
configure:4161: $? = 0
configure:4182: result: o
configure:4186: checking whether we are using the GNU C compiler
configure:4205: gcc -c   conftest.c >&5
configure:4205: $? = 0
configure:4214: result: yes
configure:4223: checking whether gcc accepts -g
configure:4243: gcc -c -g  conftest.c >&5
configure:4243: $? = 0
configure:4284: result: yes
configure:4301: checking for gcc option to accept ISO C89
configure:4364: gcc  -c -g -O2  conftest.c >&5
configure:4364: $? = 0
configure:4377: result: none needed
configure:4402: checking whether gcc understands -c and -o together
configure:4424: gcc -c conftest.c -o conftest2.o
configure:4427: $? = 0
configure:4424: gcc -c conftest.c -o conftest2.o
configure:4427: $? = 0
configure:4439: result: yes
configure:4467: checking for style of include used by make
configure:4495: result: GNU
configure:4521: checking dependency style of gcc
configure:4632: result: gcc3
configure:4647: checking for gcc option to accept ISO C99
configure:4796: gcc  -c -g -O2  conftest.c >&5
configure:4796: $? = 0
configure:4809: result: none needed
configure:4882: checking for g++
configure:4898: found /usr/bin/g++
configure:4909: result: g++
configure:4936: checking for C++ compiler version
configure:4945: g++ --version >&5
g++ (Ubuntu 5.4.0-6ubuntu1~16.04.4) 5.4.0 20160609
Copyright (C) 2015 Free Software Foundation, Inc.
This is free software; see the source for copying conditions.  There is NO
warranty; not even for MERCHANTABILITY or FITNESS FOR A PARTICULAR PURPOSE.

configure:4956: $? = 0
configure:4945: g++ -v >&5
Using built-in specs.
COLLECT_GCC=g++
COLLECT_LTO_WRAPPER=/usr/lib/gcc/x86_64-linux-gnu/5/lto-wrapper
Target: x86_64-linux-gnu
Configured with: ../src/configure -v --with-pkgversion='Ubuntu 5.4.0-6ubuntu1~16.04.4' --with-bugurl=file:///usr/share/doc/gcc-5/README.Bugs --enable-languages=c,ada,c++,java,go,d,fortran,objc,obj-c++ --prefix=/usr --program-suffix=-5 --enable-shared --enable-linker-build-id --libexecdir=/usr/lib --without-included-gettext --enable-threads=posix --libdir=/usr/lib --enable-nls --with-sysroot=/ --enable-clocale=gnu --enable-libstdcxx-debug --enable-libstdcxx-time=yes --with-default-libstdcxx-abi=new --enable-gnu-unique-object --disable-vtable-verify --enable-libmpx --enable-plugin --with-system-zlib --disable-browser-plugin --enable-java-awt=gtk --enable-gtk-cairo --with-java-home=/usr/lib/jvm/java-1.5.0-gcj-5-amd64/jre --enable-java-home --with-jvm-root-dir=/usr/lib/jvm/java-1.5.0-gcj-5-amd64 --with-jvm-jar-dir=/usr/lib/jvm-exports/java-1.5.0-gcj-5-amd64 --with-arch-directory=amd64 --with-ecj-jar=/usr/share/java/eclipse-ecj.jar --enable-objc-gc --enable-multiarch --disable-werror --with-arch-32=i686 --with-abi=m64 --with-multilib-list=m32,m64,mx32 --enable-multilib --with-tune=generic --enable-checking=release --build=x86_64-linux-gnu --host=x86_64-linux-gnu --target=x86_64-linux-gnu
Thread model: posix
gcc version 5.4.0 20160609 (Ubuntu 5.4.0-6ubuntu1~16.04.4) 
configure:4956: $? = 0
configure:4945: g++ -V >&5
g++: error: unrecognized command line option '-V'
g++: fatal error: no input files
compilation terminated.
configure:4956: $? = 1
configure:4945: g++ -qversion >&5
g++: error: unrecognized command line option '-qversion'
g++: fatal error: no input files
compilation terminated.
configure:4956: $? = 1
configure:4960: checking whether we are using the GNU C++ compiler
configure:4979: g++ -c   conftest.cpp >&5
configure:4979: $? = 0
configure:4988: result: yes
configure:4997: checking whether g++ accepts -g
configure:5017: g++ -c -g  conftest.cpp >&5
configure:5017: $? = 0
configure:5058: result: yes
configure:5083: checking dependency style of g++
configure:5194: result: gcc3
configure:5210: checking for a sed that does not truncate output
configure:5274: result: /bin/sed
configure:5283: checking for gawk
configure:5310: result: mawk
configure:5375: checking for pkg-config
configure:5393: found /usr/bin/pkg-config
configure:5405: result: /usr/bin/pkg-config
configure:5430: checking pkg-config is at least version 0.9.0
configure:5433: result: yes
configure:5446: checking for xmlto
configure:5479: result: no
configure:5487: checking for asciidoc
configure:5520: result: no
configure:5529: checking build system type
configure:5543: result: x86_64-pc-linux-gnu
configure:5563: checking host system type
configure:5576: result: x86_64-pc-linux-gnu
configure:6017: checking how to print strings
configure:6044: result: printf
configure:6065: checking for a sed that does not truncate output
configure:6129: result: /bin/sed
configure:6147: checking for grep that handles long lines and -e
configure:6205: result: /bin/grep
configure:6210: checking for egrep
configure:6272: result: /bin/grep -E
configure:6277: checking for fgrep
configure:6339: result: /bin/grep -F
configure:6374: checking for ld used by gcc
configure:6441: result: /usr/bin/ld
configure:6448: checking if the linker (/usr/bin/ld) is GNU ld
configure:6463: result: yes
configure:6475: checking for BSD- or MS-compatible name lister (nm)
configure:6529: result: /usr/bin/nm -B
configure:6659: checking the name lister (/usr/bin/nm -B) interface
configure:6666: gcc -c -g -O2  conftest.c >&5
configure:6669: /usr/bin/nm -B "conftest.o"
configure:6672: output
0000000000000000 B some_variable
configure:6679: result: BSD nm
configure:6682: checking whether ln -s works
configure:6686: result: yes
configure:6694: checking the maximum length of command line arguments
configure:6825: result: 1572864
configure:6873: checking how to convert x86_64-pc-linux-gnu file names to x86_64-pc-linux-gnu format
configure:6913: result: func_convert_file_noop
configure:6920: checking how to convert x86_64-pc-linux-gnu file names to toolchain format
configure:6940: result: func_convert_file_noop
configure:6947: checking for /usr/bin/ld option to reload object files
configure:6954: result: -r
configure:7028: checking for objdump
configure:7055: result: objdump
configure:7084: checking how to recognize dependent libraries
configure:7284: result: pass_all
configure:7369: checking for dlltool
configure:7396: result: dlltool
configure:7426: checking how to associate runtime and link libraries
configure:7453: result: printf %s\n
configure:7514: checking for ar
configure:7530: found /usr/bin/ar
configure:7541: result: ar
configure:7578: checking for archiver @FILE support
configure:7595: gcc -c -g -O2  conftest.c >&5
configure:7595: $? = 0
configure:7598: ar cru libconftest.a @conftest.lst >&5
ar: `u' modifier ignored since `D' is the default (see `U')
configure:7601: $? = 0
configure:7606: ar cru libconftest.a @conftest.lst >&5
ar: `u' modifier ignored since `D' is the default (see `U')
ar: conftest.o: No such file or directory
configure:7609: $? = 1
configure:7621: result: @
configure:7679: checking for strip
configure:7695: found /usr/bin/strip
configure:7706: result: strip
configure:7778: checking for ranlib
configure:7794: found /usr/bin/ranlib
configure:7805: result: ranlib
configure:7907: checking command to parse /usr/bin/nm -B output from gcc object
configure:8060: gcc -c -g -O2  conftest.c >&5
configure:8063: $? = 0
configure:8067: /usr/bin/nm -B conftest.o \| sed -n -e 's/^.*[ ]\([ABCDGIRSTW][ABCDGIRSTW]*\)[ ][ ]*\([_A-Za-z][_A-Za-z0-9]*\)$/\1 \2 \2/p' | sed '/ __gnu_lto/d' \> conftest.nm
configure:8070: $? = 0
configure:8136: gcc -o conftest -g -O2   conftest.c conftstm.o >&5
configure:8139: $? = 0
configure:8177: result: ok
configure:8224: checking for sysroot
configure:8254: result: no
configure:8261: checking for a working dd
configure:8299: result: /bin/dd
configure:8303: checking how to truncate binary pipes
configure:8318: result: /bin/dd bs=4096 count=1
configure:8454: gcc -c -g -O2  conftest.c >&5
configure:8457: $? = 0
configure:8647: checking for mt
configure:8663: found /bin/mt
configure:8674: result: mt
configure:8697: checking if mt is a manifest tool
configure:8703: mt '-?'
configure:8711: result: no
configure:9388: checking how to run the C preprocessor
configure:9419: gcc -E  conftest.c
configure:9419: $? = 0
configure:9433: gcc -E  conftest.c
conftest.c:11:28: fatal error: ac_nonexistent.h: No such file or directory
compilation terminated.
configure:9433: $? = 1
configure: failed program was:
| /* confdefs.h */
| #define PACKAGE_NAME "zeromq"
| #define PACKAGE_TARNAME "zeromq"
| #define PACKAGE_VERSION "4.1.6"
| #define PACKAGE_STRING "zeromq 4.1.6"
| #define PACKAGE_BUGREPORT "zeromq-dev@lists.zeromq.org"
| #define PACKAGE_URL ""
| #define PACKAGE "zeromq"
| #define VERSION "4.1.6"
| /* end confdefs.h.  */
| #include <ac_nonexistent.h>
configure:9458: result: gcc -E
configure:9478: gcc -E  conftest.c
configure:9478: $? = 0
configure:9492: gcc -E  conftest.c
conftest.c:11:28: fatal error: ac_nonexistent.h: No such file or directory
compilation terminated.
configure:9492: $? = 1
configure: failed program was:
| /* confdefs.h */
| #define PACKAGE_NAME "zeromq"
| #define PACKAGE_TARNAME "zeromq"
| #define PACKAGE_VERSION "4.1.6"
| #define PACKAGE_STRING "zeromq 4.1.6"
| #define PACKAGE_BUGREPORT "zeromq-dev@lists.zeromq.org"
| #define PACKAGE_URL ""
| #define PACKAGE "zeromq"
| #define VERSION "4.1.6"
| /* end confdefs.h.  */
| #include <ac_nonexistent.h>
configure:9521: checking for ANSI C header files
configure:9541: gcc -c -g -O2  conftest.c >&5
configure:9541: $? = 0
configure:9614: gcc -o conftest -g -O2   conftest.c  >&5
configure:9614: $? = 0
configure:9614: ./conftest
configure:9614: $? = 0
configure:9625: result: yes
configure:9638: checking for sys/types.h
configure:9638: gcc -c -g -O2  conftest.c >&5
configure:9638: $? = 0
configure:9638: result: yes
configure:9638: checking for sys/stat.h
configure:9638: gcc -c -g -O2  conftest.c >&5
configure:9638: $? = 0
configure:9638: result: yes
configure:9638: checking for stdlib.h
configure:9638: gcc -c -g -O2  conftest.c >&5
configure:9638: $? = 0
configure:9638: result: yes
configure:9638: checking for string.h
configure:9638: gcc -c -g -O2  conftest.c >&5
configure:9638: $? = 0
configure:9638: result: yes
configure:9638: checking for memory.h
configure:9638: gcc -c -g -O2  conftest.c >&5
configure:9638: $? = 0
configure:9638: result: yes
configure:9638: checking for strings.h
configure:9638: gcc -c -g -O2  conftest.c >&5
configure:9638: $? = 0
configure:9638: result: yes
configure:9638: checking for inttypes.h
configure:9638: gcc -c -g -O2  conftest.c >&5
configure:9638: $? = 0
configure:9638: result: yes
configure:9638: checking for stdint.h
configure:9638: gcc -c -g -O2  conftest.c >&5
configure:9638: $? = 0
configure:9638: result: yes
configure:9638: checking for unistd.h
configure:9638: gcc -c -g -O2  conftest.c >&5
configure:9638: $? = 0
configure:9638: result: yes
configure:9652: checking for dlfcn.h
configure:9652: gcc -c -g -O2  conftest.c >&5
configure:9652: $? = 0
configure:9652: result: yes
configure:9887: checking for objdir
configure:9902: result: .libs
configure:10166: checking if gcc supports -fno-rtti -fno-exceptions
configure:10184: gcc -c -g -O2  -fno-rtti -fno-exceptions conftest.c >&5
cc1: warning: command line option '-fno-rtti' is valid for C++/ObjC++ but not for C
configure:10188: $? = 0
configure:10201: result: no
configure:10559: checking for gcc option to produce PIC
configure:10566: result: -fPIC -DPIC
configure:10574: checking if gcc PIC flag -fPIC -DPIC works
configure:10592: gcc -c -g -O2  -fPIC -DPIC -DPIC conftest.c >&5
configure:10596: $? = 0
configure:10609: result: yes
configure:10638: checking if gcc static flag -static works
configure:10666: result: yes
configure:10681: checking if gcc supports -c -o file.o
configure:10702: gcc -c -g -O2  -o out/conftest2.o conftest.c >&5
configure:10706: $? = 0
configure:10728: result: yes
configure:10736: checking if gcc supports -c -o file.o
configure:10783: result: yes
configure:10816: checking whether the gcc linker (/usr/bin/ld -m elf_x86_64) supports shared libraries
configure:12079: result: yes
configure:12116: checking whether -lc should be explicitly linked in
configure:12124: gcc -c -g -O2  conftest.c >&5
configure:12127: $? = 0
configure:12142: gcc -shared  -fPIC -DPIC conftest.o  -v -Wl,-soname -Wl,conftest -o conftest 2\>\&1 \| /bin/grep  -lc  \>/dev/null 2\>\&1
configure:12145: $? = 0
configure:12159: result: no
configure:12319: checking dynamic linker characteristics
configure:12900: gcc -o conftest -g -O2   -Wl,-rpath -Wl,/foo conftest.c  >&5
configure:12900: $? = 0
configure:13149: result: GNU/Linux ld.so
configure:13271: checking how to hardcode library paths into programs
configure:13296: result: immediate
configure:13844: checking whether stripping libraries is possible
configure:13849: result: yes
configure:13884: checking if libtool supports shared libraries
configure:13886: result: yes
configure:13889: checking whether to build shared libraries
configure:13914: result: yes
configure:13917: checking whether to build static libraries
configure:13921: result: yes
configure:13944: checking how to run the C++ preprocessor
configure:13971: g++ -E  conftest.cpp
configure:13971: $? = 0
configure:13985: g++ -E  conftest.cpp
conftest.cpp:23:28: fatal error: ac_nonexistent.h: No such file or directory
compilation terminated.
configure:13985: $? = 1
configure: failed program was:
| /* confdefs.h */
| #define PACKAGE_NAME "zeromq"
| #define PACKAGE_TARNAME "zeromq"
| #define PACKAGE_VERSION "4.1.6"
| #define PACKAGE_STRING "zeromq 4.1.6"
| #define PACKAGE_BUGREPORT "zeromq-dev@lists.zeromq.org"
| #define PACKAGE_URL ""
| #define PACKAGE "zeromq"
| #define VERSION "4.1.6"
| #define STDC_HEADERS 1
| #define HAVE_SYS_TYPES_H 1
| #define HAVE_SYS_STAT_H 1
| #define HAVE_STDLIB_H 1
| #define HAVE_STRING_H 1
| #define HAVE_MEMORY_H 1
| #define HAVE_STRINGS_H 1
| #define HAVE_INTTYPES_H 1
| #define HAVE_STDINT_H 1
| #define HAVE_UNISTD_H 1
| #define HAVE_DLFCN_H 1
| #define LT_OBJDIR ".libs/"
| /* end confdefs.h.  */
| #include <ac_nonexistent.h>
configure:14010: result: g++ -E
configure:14030: g++ -E  conftest.cpp
configure:14030: $? = 0
configure:14044: g++ -E  conftest.cpp
conftest.cpp:23:28: fatal error: ac_nonexistent.h: No such file or directory
compilation terminated.
configure:14044: $? = 1
configure: failed program was:
| /* confdefs.h */
| #define PACKAGE_NAME "zeromq"
| #define PACKAGE_TARNAME "zeromq"
| #define PACKAGE_VERSION "4.1.6"
| #define PACKAGE_STRING "zeromq 4.1.6"
| #define PACKAGE_BUGREPORT "zeromq-dev@lists.zeromq.org"
| #define PACKAGE_URL ""
| #define PACKAGE "zeromq"
| #define VERSION "4.1.6"
| #define STDC_HEADERS 1
| #define HAVE_SYS_TYPES_H 1
| #define HAVE_SYS_STAT_H 1
| #define HAVE_STDLIB_H 1
| #define HAVE_STRING_H 1
| #define HAVE_MEMORY_H 1
| #define HAVE_STRINGS_H 1
| #define HAVE_INTTYPES_H 1
| #define HAVE_STDINT_H 1
| #define HAVE_UNISTD_H 1
| #define HAVE_DLFCN_H 1
| #define LT_OBJDIR ".libs/"
| /* end confdefs.h.  */
| #include <ac_nonexistent.h>
configure:14206: checking for ld used by g++
configure:14273: result: /usr/bin/ld -m elf_x86_64
configure:14280: checking if the linker (/usr/bin/ld -m elf_x86_64) is GNU ld
configure:14295: result: yes
configure:14350: checking whether the g++ linker (/usr/bin/ld -m elf_x86_64) supports shared libraries
configure:15423: result: yes
configure:15459: g++ -c -g -O2  conftest.cpp >&5
configure:15462: $? = 0
configure:15943: checking for g++ option to produce PIC
configure:15950: result: -fPIC -DPIC
configure:15958: checking if g++ PIC flag -fPIC -DPIC works
configure:15976: g++ -c -g -O2  -fPIC -DPIC -DPIC conftest.cpp >&5
configure:15980: $? = 0
configure:15993: result: yes
configure:16016: checking if g++ static flag -static works
configure:16044: result: yes
configure:16056: checking if g++ supports -c -o file.o
configure:16077: g++ -c -g -O2  -o out/conftest2.o conftest.cpp >&5
configure:16081: $? = 0
configure:16103: result: yes
configure:16108: checking if g++ supports -c -o file.o
configure:16155: result: yes
configure:16185: checking whether the g++ linker (/usr/bin/ld -m elf_x86_64) supports shared libraries
configure:16228: result: yes
configure:16369: checking dynamic linker characteristics
configure:17126: result: GNU/Linux ld.so
configure:17191: checking how to hardcode library paths into programs
configure:17216: result: immediate
configure:17289: checking whether the C compiler works
configure:17305: gcc -o conftest -g -O2   conftest.c  >&5
configure:17305: $? = 0
configure:17314: result: yes
configure:17322: checking whether we are using Intel C compiler
configure:17341: gcc -c -g -O2  conftest.c >&5
conftest.c: In function 'main':
conftest.c:28:8: error: 'error' undeclared (first use in this function)
        error if not ICC
        ^
conftest.c:28:8: note: each undeclared identifier is reported only once for each function it appears in
conftest.c:28:14: error: expected ';' before 'if'
        error if not ICC
              ^
configure:17341: $? = 1
configure: failed program was:
| /* confdefs.h */
| #define PACKAGE_NAME "zeromq"
| #define PACKAGE_TARNAME "zeromq"
| #define PACKAGE_VERSION "4.1.6"
| #define PACKAGE_STRING "zeromq 4.1.6"
| #define PACKAGE_BUGREPORT "zeromq-dev@lists.zeromq.org"
| #define PACKAGE_URL ""
| #define PACKAGE "zeromq"
| #define VERSION "4.1.6"
| #define STDC_HEADERS 1
| #define HAVE_SYS_TYPES_H 1
| #define HAVE_SYS_STAT_H 1
| #define HAVE_STDLIB_H 1
| #define HAVE_STRING_H 1
| #define HAVE_MEMORY_H 1
| #define HAVE_STRINGS_H 1
| #define HAVE_INTTYPES_H 1
| #define HAVE_STDINT_H 1
| #define HAVE_UNISTD_H 1
| #define HAVE_DLFCN_H 1
| #define LT_OBJDIR ".libs/"
| /* end confdefs.h.  */
| 
| int
| main ()
| {
| #ifndef __INTEL_COMPILER
|        error if not ICC
| #endif
| 
|   ;
|   return 0;
| }
configure:17349: result: no
configure:17351: checking whether we are using Sun Studio C compiler
configure:17370: gcc -c -g -O2  conftest.c >&5
conftest.c: In function 'main':
conftest.c:28:8: error: 'error' undeclared (first use in this function)
        error if not sun studio
        ^
conftest.c:28:8: note: each undeclared identifier is reported only once for each function it appears in
conftest.c:28:14: error: expected ';' before 'if'
        error if not sun studio
              ^
configure:17370: $? = 1
configure: failed program was:
| /* confdefs.h */
| #define PACKAGE_NAME "zeromq"
| #define PACKAGE_TARNAME "zeromq"
| #define PACKAGE_VERSION "4.1.6"
| #define PACKAGE_STRING "zeromq 4.1.6"
| #define PACKAGE_BUGREPORT "zeromq-dev@lists.zeromq.org"
| #define PACKAGE_URL ""
| #define PACKAGE "zeromq"
| #define VERSION "4.1.6"
| #define STDC_HEADERS 1
| #define HAVE_SYS_TYPES_H 1
| #define HAVE_SYS_STAT_H 1
| #define HAVE_STDLIB_H 1
| #define HAVE_STRING_H 1
| #define HAVE_MEMORY_H 1
| #define HAVE_STRINGS_H 1
| #define HAVE_INTTYPES_H 1
| #define HAVE_STDINT_H 1
| #define HAVE_UNISTD_H 1
| #define HAVE_DLFCN_H 1
| #define LT_OBJDIR ".libs/"
| /* end confdefs.h.  */
| 
| int
| main ()
| {
| #if !defined(__SUNPRO_CC) && !defined(__SUNPRO_C)
|        error if not sun studio
| #endif
| 
|   ;
|   return 0;
| }
configure:17378: result: no
configure:17380: checking whether we are using clang C compiler
configure:17399: gcc -c -g -O2  conftest.c >&5
conftest.c: In function 'main':
conftest.c:28:8: error: 'error' undeclared (first use in this function)
        error if not clang
        ^
conftest.c:28:8: note: each undeclared identifier is reported only once for each function it appears in
conftest.c:28:14: error: expected ';' before 'if'
        error if not clang
              ^
configure:17399: $? = 1
configure: failed program was:
| /* confdefs.h */
| #define PACKAGE_NAME "zeromq"
| #define PACKAGE_TARNAME "zeromq"
| #define PACKAGE_VERSION "4.1.6"
| #define PACKAGE_STRING "zeromq 4.1.6"
| #define PACKAGE_BUGREPORT "zeromq-dev@lists.zeromq.org"
| #define PACKAGE_URL ""
| #define PACKAGE "zeromq"
| #define VERSION "4.1.6"
| #define STDC_HEADERS 1
| #define HAVE_SYS_TYPES_H 1
| #define HAVE_SYS_STAT_H 1
| #define HAVE_STDLIB_H 1
| #define HAVE_STRING_H 1
| #define HAVE_MEMORY_H 1
| #define HAVE_STRINGS_H 1
| #define HAVE_INTTYPES_H 1
| #define HAVE_STDINT_H 1
| #define HAVE_UNISTD_H 1
| #define HAVE_DLFCN_H 1
| #define LT_OBJDIR ".libs/"
| /* end confdefs.h.  */
| 
| int
| main ()
| {
| #ifndef __clang__
|        error if not clang
| #endif
| 
|   ;
|   return 0;
| }
configure:17407: result: no
configure:17409: checking whether we are using gcc >= 4 C compiler
configure:17428: gcc -c -g -O2  conftest.c >&5
configure:17428: $? = 0
configure:17436: result: yes
configure:17453: checking whether the C++ compiler works
configure:17469: g++ -o conftest -g -O2   conftest.cpp  >&5
configure:17469: $? = 0
configure:17478: result: yes
configure:17486: checking whether we are using Intel C++ compiler
configure:17505: g++ -c -g -O2  conftest.cpp >&5
conftest.cpp: In function 'int main()':
conftest.cpp:28:8: error: 'error' was not declared in this scope
        error if not ICC
        ^
configure:17505: $? = 1
configure: failed program was:
| /* confdefs.h */
| #define PACKAGE_NAME "zeromq"
| #define PACKAGE_TARNAME "zeromq"
| #define PACKAGE_VERSION "4.1.6"
| #define PACKAGE_STRING "zeromq 4.1.6"
| #define PACKAGE_BUGREPORT "zeromq-dev@lists.zeromq.org"
| #define PACKAGE_URL ""
| #define PACKAGE "zeromq"
| #define VERSION "4.1.6"
| #define STDC_HEADERS 1
| #define HAVE_SYS_TYPES_H 1
| #define HAVE_SYS_STAT_H 1
| #define HAVE_STDLIB_H 1
| #define HAVE_STRING_H 1
| #define HAVE_MEMORY_H 1
| #define HAVE_STRINGS_H 1
| #define HAVE_INTTYPES_H 1
| #define HAVE_STDINT_H 1
| #define HAVE_UNISTD_H 1
| #define HAVE_DLFCN_H 1
| #define LT_OBJDIR ".libs/"
| /* end confdefs.h.  */
| 
| int
| main ()
| {
| #ifndef __INTEL_COMPILER
|        error if not ICC
| #endif
| 
|   ;
|   return 0;
| }
configure:17513: result: no
configure:17515: checking whether we are using Sun Studio C++ compiler
configure:17534: g++ -c -g -O2  conftest.cpp >&5
conftest.cpp: In function 'int main()':
conftest.cpp:28:8: error: 'error' was not declared in this scope
        error if not sun studio
        ^
configure:17534: $? = 1
configure: failed program was:
| /* confdefs.h */
| #define PACKAGE_NAME "zeromq"
| #define PACKAGE_TARNAME "zeromq"
| #define PACKAGE_VERSION "4.1.6"
| #define PACKAGE_STRING "zeromq 4.1.6"
| #define PACKAGE_BUGREPORT "zeromq-dev@lists.zeromq.org"
| #define PACKAGE_URL ""
| #define PACKAGE "zeromq"
| #define VERSION "4.1.6"
| #define STDC_HEADERS 1
| #define HAVE_SYS_TYPES_H 1
| #define HAVE_SYS_STAT_H 1
| #define HAVE_STDLIB_H 1
| #define HAVE_STRING_H 1
| #define HAVE_MEMORY_H 1
| #define HAVE_STRINGS_H 1
| #define HAVE_INTTYPES_H 1
| #define HAVE_STDINT_H 1
| #define HAVE_UNISTD_H 1
| #define HAVE_DLFCN_H 1
| #define LT_OBJDIR ".libs/"
| /* end confdefs.h.  */
| 
| int
| main ()
| {
| #if !defined(__SUNPRO_CC) && !defined(__SUNPRO_C)
|        error if not sun studio
| #endif
| 
|   ;
|   return 0;
| }
configure:17542: result: no
configure:17544: checking whether we are using clang C++ compiler
configure:17563: g++ -c -g -O2  conftest.cpp >&5
conftest.cpp: In function 'int main()':
conftest.cpp:28:8: error: 'error' was not declared in this scope
        error if not clang
        ^
configure:17563: $? = 1
configure: failed program was:
| /* confdefs.h */
| #define PACKAGE_NAME "zeromq"
| #define PACKAGE_TARNAME "zeromq"
| #define PACKAGE_VERSION "4.1.6"
| #define PACKAGE_STRING "zeromq 4.1.6"
| #define PACKAGE_BUGREPORT "zeromq-dev@lists.zeromq.org"
| #define PACKAGE_URL ""
| #define PACKAGE "zeromq"
| #define VERSION "4.1.6"
| #define STDC_HEADERS 1
| #define HAVE_SYS_TYPES_H 1
| #define HAVE_SYS_STAT_H 1
| #define HAVE_STDLIB_H 1
| #define HAVE_STRING_H 1
| #define HAVE_MEMORY_H 1
| #define HAVE_STRINGS_H 1
| #define HAVE_INTTYPES_H 1
| #define HAVE_STDINT_H 1
| #define HAVE_UNISTD_H 1
| #define HAVE_DLFCN_H 1
| #define LT_OBJDIR ".libs/"
| /* end confdefs.h.  */
| 
| int
| main ()
| {
| #ifndef __clang__
|        error if not clang
| #endif
| 
|   ;
|   return 0;
| }
configure:17571: result: no
configure:17573: checking whether we are using gcc >= 4 C++ compiler
configure:17592: g++ -c -g -O2  conftest.cpp >&5
configure:17592: $? = 0
configure:17600: result: yes
configure:17634: checking whether to enable debugging information
configure:17672: result: no
configure:17689: checking whether to enable code coverage
configure:17720: result: no
configure:17727: checking if TIPC is available and supports nonblocking connect
configure:17768: gcc -o conftest -g -O2   conftest.c  >&5
configure:17768: $? = 0
configure:17768: ./conftest
configure:17768: $? = 255
configure: program exited with status 255
configure: failed program was:
| /* confdefs.h */
| #define PACKAGE_NAME "zeromq"
| #define PACKAGE_TARNAME "zeromq"
| #define PACKAGE_VERSION "4.1.6"
| #define PACKAGE_STRING "zeromq 4.1.6"
| #define PACKAGE_BUGREPORT "zeromq-dev@lists.zeromq.org"
| #define PACKAGE_URL ""
| #define PACKAGE "zeromq"
| #define VERSION "4.1.6"
| #define STDC_HEADERS 1
| #define HAVE_SYS_TYPES_H 1
| #define HAVE_SYS_STAT_H 1
| #define HAVE_STDLIB_H 1
| #define HAVE_STRING_H 1
| #define HAVE_MEMORY_H 1
| #define HAVE_STRINGS_H 1
| #define HAVE_INTTYPES_H 1
| #define HAVE_STDINT_H 1
| #define HAVE_UNISTD_H 1
| #define HAVE_DLFCN_H 1
| #define LT_OBJDIR ".libs/"
| /* end confdefs.h.  */
| 
|             #include <stdlib.h>
|             #include <string.h>
|             #include <fcntl.h>
|             #include <errno.h>
|             #include <sys/socket.h>
|             #include <linux/tipc.h>
| 
| int
| main ()
| {
| 
|             struct sockaddr_tipc topsrv;
|             int sd = socket(AF_TIPC, SOCK_SEQPACKET, 0);
|             if (sd == -EAFNOSUPPORT) {
|                 return 1;
|             }
|             memset(&topsrv, 0, sizeof(topsrv));
|             topsrv.family = AF_TIPC;
|             topsrv.addrtype = TIPC_ADDR_NAME;
|             topsrv.addr.name.name.type = TIPC_TOP_SRV;
|             topsrv.addr.name.name.instance = TIPC_TOP_SRV;
|             fcntl(sd, F_SETFL, O_NONBLOCK);
|             if (connect(sd, (struct sockaddr *)&topsrv, sizeof(topsrv)) != 0) {
|                 if (errno != EINPROGRESS)
|                     return -1;
|             }
| 
|   ;
|   return 0;
| }
| 
configure:17778: result: no
configure:18585: checking for pthread_create in -lpthread
configure:18610: gcc -o conftest -g -O2 -D_GNU_SOURCE -D_REENTRANT -D_THREAD_SAFE -Wno-long-long   conftest.c -lpthread   >&5
configure:18610: $? = 0
configure:18619: result: yes
configure:18630: checking for clock_gettime in -lrt
configure:18655: gcc -o conftest -g -O2 -D_GNU_SOURCE -D_REENTRANT -D_THREAD_SAFE -Wno-long-long   conftest.c -lrt  -lpthread  >&5
configure:18655: $? = 0
configure:18664: result: yes
configure:18697: checking whether C++ compiler supports -fvisibility=hidden
configure:18729: g++ -c -g -O2 -D_GNU_SOURCE -D_REENTRANT -D_THREAD_SAFE -Wno-long-long  -fvisibility=hidden conftest.cpp >&5
configure:18729: $? = 0
configure:18760: result: yes
configure:18846: checking whether C++ compiler supports dso visibility
configure:18850: result: yes
configure:18994: checking for asciidoc
configure:19022: result: no
configure:19032: checking for xmlto
configure:19060: result: no
configure:19073: WARNING: You are building an unreleased version of 0MQ and asciidoc or xmlto are not installed.
configure:19075: WARNING: Documentation will not be built and manual pages will not be installed.
configure:19086: checking whether to build documentation
configure:19088: result: no
configure:19091: checking whether to install manpages
configure:19093: result: no
configure:19136: Choosing polling system from 'kqueue epoll devpoll poll select'...
configure:19162: gcc -o conftest -g -O2 -D_GNU_SOURCE -D_REENTRANT -D_THREAD_SAFE -Wno-long-long   conftest.c -lrt -lpthread  >&5
conftest.c:29:23: fatal error: sys/event.h: No such file or directory
compilation terminated.
configure:19162: $? = 1
configure: failed program was:
| /* confdefs.h */
| #define PACKAGE_NAME "zeromq"
| #define PACKAGE_TARNAME "zeromq"
| #define PACKAGE_VERSION "4.1.6"
| #define PACKAGE_STRING "zeromq 4.1.6"
| #define PACKAGE_BUGREPORT "zeromq-dev@lists.zeromq.org"
| #define PACKAGE_URL ""
| #define PACKAGE "zeromq"
| #define VERSION "4.1.6"
| #define STDC_HEADERS 1
| #define HAVE_SYS_TYPES_H 1
| #define HAVE_SYS_STAT_H 1
| #define HAVE_STDLIB_H 1
| #define HAVE_STRING_H 1
| #define HAVE_MEMORY_H 1
| #define HAVE_STRINGS_H 1
| #define HAVE_INTTYPES_H 1
| #define HAVE_STDINT_H 1
| #define HAVE_UNISTD_H 1
| #define HAVE_DLFCN_H 1
| #define LT_OBJDIR ".libs/"
| #define ZMQ_HAVE_LINUX 1
| #define HAVE_LIBPTHREAD 1
| #define HAVE_LIBRT 1
| /* end confdefs.h.  */
| 
| 
| #include <sys/types.h>
| #include <sys/event.h>
| #include <sys/time.h>
| 
| int
| main ()
| {
| 
| struct kevent t_kev;
| kqueue();
| 
|   ;
|   return 0;
| }
configure:19231: gcc -o conftest -g -O2 -D_GNU_SOURCE -D_REENTRANT -D_THREAD_SAFE -Wno-long-long   conftest.c -lrt -lpthread  >&5
configure:19231: $? = 0
configure:19231: ./conftest
configure:19231: $? = 0
configure:19233: Using 'epoll' polling system
configure:19367: checking for ANSI C header files
configure:19471: result: yes
configure:19494: checking errno.h usability
configure:19494: gcc -c -g -O2 -D_GNU_SOURCE -D_REENTRANT -D_THREAD_SAFE -Wno-long-long  conftest.c >&5
configure:19494: $? = 0
configure:19494: result: yes
configure:19494: checking errno.h presence
configure:19494: gcc -E -D_GNU_SOURCE -D_REENTRANT -D_THREAD_SAFE -Wno-long-long  conftest.c
configure:19494: $? = 0
configure:19494: result: yes
configure:19494: checking for errno.h
configure:19494: result: yes
configure:19494: checking time.h usability
configure:19494: gcc -c -g -O2 -D_GNU_SOURCE -D_REENTRANT -D_THREAD_SAFE -Wno-long-long  conftest.c >&5
configure:19494: $? = 0
configure:19494: result: yes
configure:19494: checking time.h presence
configure:19494: gcc -E -D_GNU_SOURCE -D_REENTRANT -D_THREAD_SAFE -Wno-long-long  conftest.c
configure:19494: $? = 0
configure:19494: result: yes
configure:19494: checking for time.h
configure:19494: result: yes
configure:19494: checking for unistd.h
configure:19494: result: yes
configure:19494: checking limits.h usability
configure:19494: gcc -c -g -O2 -D_GNU_SOURCE -D_REENTRANT -D_THREAD_SAFE -Wno-long-long  conftest.c >&5
configure:19494: $? = 0
configure:19494: result: yes
configure:19494: checking limits.h presence
configure:19494: gcc -E -D_GNU_SOURCE -D_REENTRANT -D_THREAD_SAFE -Wno-long-long  conftest.c
configure:19494: $? = 0
configure:19494: result: yes
configure:19494: checking for limits.h
configure:19494: result: yes
configure:19494: checking stddef.h usability
configure:19494: gcc -c -g -O2 -D_GNU_SOURCE -D_REENTRANT -D_THREAD_SAFE -Wno-long-long  conftest.c >&5
configure:19494: $? = 0
configure:19494: result: yes
configure:19494: checking stddef.h presence
configure:19494: gcc -E -D_GNU_SOURCE -D_REENTRANT -D_THREAD_SAFE -Wno-long-long  conftest.c
configure:19494: $? = 0
configure:19494: result: yes
configure:19494: checking for stddef.h
configure:19494: result: yes
configure:19494: checking for stdlib.h
configure:19494: result: yes
configure:19494: checking for string.h
configure:19494: result: yes
configure:19494: checking arpa/inet.h usability
configure:19494: gcc -c -g -O2 -D_GNU_SOURCE -D_REENTRANT -D_THREAD_SAFE -Wno-long-long  conftest.c >&5
configure:19494: $? = 0
configure:19494: result: yes
configure:19494: checking arpa/inet.h presence
configure:19494: gcc -E -D_GNU_SOURCE -D_REENTRANT -D_THREAD_SAFE -Wno-long-long  conftest.c
configure:19494: $? = 0
configure:19494: result: yes
configure:19494: checking for arpa/inet.h
configure:19494: result: yes
configure:19494: checking netinet/tcp.h usability
configure:19494: gcc -c -g -O2 -D_GNU_SOURCE -D_REENTRANT -D_THREAD_SAFE -Wno-long-long  conftest.c >&5
configure:19494: $? = 0
configure:19494: result: yes
configure:19494: checking netinet/tcp.h presence
configure:19494: gcc -E -D_GNU_SOURCE -D_REENTRANT -D_THREAD_SAFE -Wno-long-long  conftest.c
configure:19494: $? = 0
configure:19494: result: yes
configure:19494: checking for netinet/tcp.h
configure:19494: result: yes
configure:19494: checking netinet/in.h usability
configure:19494: gcc -c -g -O2 -D_GNU_SOURCE -D_REENTRANT -D_THREAD_SAFE -Wno-long-long  conftest.c >&5
configure:19494: $? = 0
configure:19494: result: yes
configure:19494: checking netinet/in.h presence
configure:19494: gcc -E -D_GNU_SOURCE -D_REENTRANT -D_THREAD_SAFE -Wno-long-long  conftest.c
configure:19494: $? = 0
configure:19494: result: yes
configure:19494: checking for netinet/in.h
configure:19494: result: yes
configure:19494: checking sys/socket.h usability
configure:19494: gcc -c -g -O2 -D_GNU_SOURCE -D_REENTRANT -D_THREAD_SAFE -Wno-long-long  conftest.c >&5
configure:19494: $? = 0
configure:19494: result: yes
configure:19494: checking sys/socket.h presence
configure:19494: gcc -E -D_GNU_SOURCE -D_REENTRANT -D_THREAD_SAFE -Wno-long-long  conftest.c
configure:19494: $? = 0
configure:19494: result: yes
configure:19494: checking for sys/socket.h
configure:19494: result: yes
configure:19494: checking sys/time.h usability
configure:19494: gcc -c -g -O2 -D_GNU_SOURCE -D_REENTRANT -D_THREAD_SAFE -Wno-long-long  conftest.c >&5
configure:19494: $? = 0
configure:19494: result: yes
configure:19494: checking sys/time.h presence
configure:19494: gcc -E -D_GNU_SOURCE -D_REENTRANT -D_THREAD_SAFE -Wno-long-long  conftest.c
configure:19494: $? = 0
configure:19494: result: yes
configure:19494: checking for sys/time.h
configure:19494: result: yes
configure:19508: checking ifaddrs.h usability
configure:19508: gcc -c -g -O2 -D_GNU_SOURCE -D_REENTRANT -D_THREAD_SAFE -Wno-long-long  conftest.c >&5
configure:19508: $? = 0
configure:19508: result: yes
configure:19508: checking ifaddrs.h presence
configure:19508: gcc -E -D_GNU_SOURCE -D_REENTRANT -D_THREAD_SAFE -Wno-long-long  conftest.c
configure:19508: $? = 0
configure:19508: result: yes
configure:19508: checking for ifaddrs.h
configure:19508: result: yes
configure:19524: checking sys/uio.h usability
configure:19524: gcc -c -g -O2 -D_GNU_SOURCE -D_REENTRANT -D_THREAD_SAFE -Wno-long-long  conftest.c >&5
configure:19524: $? = 0
configure:19524: result: yes
configure:19524: checking sys/uio.h presence
configure:19524: gcc -E -D_GNU_SOURCE -D_REENTRANT -D_THREAD_SAFE -Wno-long-long  conftest.c
configure:19524: $? = 0
configure:19524: result: yes
configure:19524: checking for sys/uio.h
configure:19524: result: yes
configure:19550: checking sys/eventfd.h usability
configure:19550: gcc -c -g -O2 -D_GNU_SOURCE -D_REENTRANT -D_THREAD_SAFE -Wno-long-long  conftest.c >&5
configure:19550: $? = 0
configure:19550: result: yes
configure:19550: checking sys/eventfd.h presence
configure:19550: gcc -E -D_GNU_SOURCE -D_REENTRANT -D_THREAD_SAFE -Wno-long-long  conftest.c
configure:19550: $? = 0
configure:19550: result: yes
configure:19550: checking for sys/eventfd.h
configure:19550: result: yes
configure:19572: checking whether SO_PEERCRED is declared
configure:19572: g++ -c -g -O2 -D_GNU_SOURCE -D_REENTRANT -D_THREAD_SAFE -Wno-long-long  conftest.cpp >&5
configure:19572: $? = 0
configure:19572: result: yes
configure:19590: checking whether LOCAL_PEERCRED is declared
configure:19590: g++ -c -g -O2 -D_GNU_SOURCE -D_REENTRANT -D_THREAD_SAFE -Wno-long-long  conftest.cpp >&5
conftest.cpp: In function 'int main()':
conftest.cpp:55:10: error: 'LOCAL_PEERCRED' was not declared in this scope
   (void) LOCAL_PEERCRED;
          ^
configure:19590: $? = 1
configure: failed program was:
| /* confdefs.h */
| #define PACKAGE_NAME "zeromq"
| #define PACKAGE_TARNAME "zeromq"
| #define PACKAGE_VERSION "4.1.6"
| #define PACKAGE_STRING "zeromq 4.1.6"
| #define PACKAGE_BUGREPORT "zeromq-dev@lists.zeromq.org"
| #define PACKAGE_URL ""
| #define PACKAGE "zeromq"
| #define VERSION "4.1.6"
| #define STDC_HEADERS 1
| #define HAVE_SYS_TYPES_H 1
| #define HAVE_SYS_STAT_H 1
| #define HAVE_STDLIB_H 1
| #define HAVE_STRING_H 1
| #define HAVE_MEMORY_H 1
| #define HAVE_STRINGS_H 1
| #define HAVE_INTTYPES_H 1
| #define HAVE_STDINT_H 1
| #define HAVE_UNISTD_H 1
| #define HAVE_DLFCN_H 1
| #define LT_OBJDIR ".libs/"
| #define ZMQ_HAVE_LINUX 1
| #define HAVE_LIBPTHREAD 1
| #define HAVE_LIBRT 1
| #define ZMQ_USE_EPOLL 1
| #define STDC_HEADERS 1
| #define HAVE_ERRNO_H 1
| #define HAVE_TIME_H 1
| #define HAVE_UNISTD_H 1
| #define HAVE_LIMITS_H 1
| #define HAVE_STDDEF_H 1
| #define HAVE_STDLIB_H 1
| #define HAVE_STRING_H 1
| #define HAVE_ARPA_INET_H 1
| #define HAVE_NETINET_TCP_H 1
| #define HAVE_NETINET_IN_H 1
| #define HAVE_SYS_SOCKET_H 1
| #define HAVE_SYS_TIME_H 1
| #define HAVE_IFADDRS_H 1
| #define ZMQ_HAVE_IFADDRS 1
| #define HAVE_SYS_UIO_H 1
| #define ZMQ_HAVE_UIO 1
| #define HAVE_SYS_EVENTFD_H 1
| #define ZMQ_HAVE_EVENTFD 1
| #define HAVE_DECL_SO_PEERCRED 1
| #define ZMQ_HAVE_SO_PEERCRED 1
| /* end confdefs.h.  */
| #include <sys/socket.h>
| 
| int
| main ()
| {
| #ifndef LOCAL_PEERCRED
| #ifdef __cplusplus
|   (void) LOCAL_PEERCRED;
| #else
|   (void) LOCAL_PEERCRED;
| #endif
| #endif
| 
|   ;
|   return 0;
| }
configure:19590: result: no
configure:19617: checking for stdbool.h that conforms to C99
configure:19684: g++ -c -g -O2 -D_GNU_SOURCE -D_REENTRANT -D_THREAD_SAFE -Wno-long-long  conftest.cpp >&5
configure:19684: $? = 0
configure:19691: result: yes
configure:19693: checking for _Bool
configure:19693: g++ -c -g -O2 -D_GNU_SOURCE -D_REENTRANT -D_THREAD_SAFE -Wno-long-long  conftest.cpp >&5
conftest.cpp: In function 'int main()':
conftest.cpp:85:13: error: '_Bool' was not declared in this scope
 if (sizeof (_Bool))
             ^
configure:19693: $? = 1
configure: failed program was:
| /* confdefs.h */
| #define PACKAGE_NAME "zeromq"
| #define PACKAGE_TARNAME "zeromq"
| #define PACKAGE_VERSION "4.1.6"
| #define PACKAGE_STRING "zeromq 4.1.6"
| #define PACKAGE_BUGREPORT "zeromq-dev@lists.zeromq.org"
| #define PACKAGE_URL ""
| #define PACKAGE "zeromq"
| #define VERSION "4.1.6"
| #define STDC_HEADERS 1
| #define HAVE_SYS_TYPES_H 1
| #define HAVE_SYS_STAT_H 1
| #define HAVE_STDLIB_H 1
| #define HAVE_STRING_H 1
| #define HAVE_MEMORY_H 1
| #define HAVE_STRINGS_H 1
| #define HAVE_INTTYPES_H 1
| #define HAVE_STDINT_H 1
| #define HAVE_UNISTD_H 1
| #define HAVE_DLFCN_H 1
| #define LT_OBJDIR ".libs/"
| #define ZMQ_HAVE_LINUX 1
| #define HAVE_LIBPTHREAD 1
| #define HAVE_LIBRT 1
| #define ZMQ_USE_EPOLL 1
| #define STDC_HEADERS 1
| #define HAVE_ERRNO_H 1
| #define HAVE_TIME_H 1
| #define HAVE_UNISTD_H 1
| #define HAVE_LIMITS_H 1
| #define HAVE_STDDEF_H 1
| #define HAVE_STDLIB_H 1
| #define HAVE_STRING_H 1
| #define HAVE_ARPA_INET_H 1
| #define HAVE_NETINET_TCP_H 1
| #define HAVE_NETINET_IN_H 1
| #define HAVE_SYS_SOCKET_H 1
| #define HAVE_SYS_TIME_H 1
| #define HAVE_IFADDRS_H 1
| #define ZMQ_HAVE_IFADDRS 1
| #define HAVE_SYS_UIO_H 1
| #define ZMQ_HAVE_UIO 1
| #define HAVE_SYS_EVENTFD_H 1
| #define ZMQ_HAVE_EVENTFD 1
| #define HAVE_DECL_SO_PEERCRED 1
| #define ZMQ_HAVE_SO_PEERCRED 1
| #define HAVE_DECL_LOCAL_PEERCRED 0
| /* end confdefs.h.  */
| #include <stdio.h>
| #ifdef HAVE_SYS_TYPES_H
| # include <sys/types.h>
| #endif
| #ifdef HAVE_SYS_STAT_H
| # include <sys/stat.h>
| #endif
| #ifdef STDC_HEADERS
| # include <stdlib.h>
| # include <stddef.h>
| #else
| # ifdef HAVE_STDLIB_H
| #  include <stdlib.h>
| # endif
| #endif
| #ifdef HAVE_STRING_H
| # if !defined STDC_HEADERS && defined HAVE_MEMORY_H
| #  include <memory.h>
| # endif
| # include <string.h>
| #endif
| #ifdef HAVE_STRINGS_H
| # include <strings.h>
| #endif
| #ifdef HAVE_INTTYPES_H
| # include <inttypes.h>
| #endif
| #ifdef HAVE_STDINT_H
| # include <stdint.h>
| #endif
| #ifdef HAVE_UNISTD_H
| # include <unistd.h>
| #endif
| int
| main ()
| {
| if (sizeof (_Bool))
| 	 return 0;
|   ;
|   return 0;
| }
configure:19693: result: no
configure:19710: checking for an ANSI C-conforming const
configure:19776: g++ -c -g -O2 -D_GNU_SOURCE -D_REENTRANT -D_THREAD_SAFE -Wno-long-long  conftest.cpp >&5
configure:19776: $? = 0
configure:19783: result: yes
configure:19791: checking for inline
configure:19807: g++ -c -g -O2 -D_GNU_SOURCE -D_REENTRANT -D_THREAD_SAFE -Wno-long-long  conftest.cpp >&5
configure:19807: $? = 0
configure:19815: result: inline
configure:19883: checking for size_t
configure:19883: g++ -c -g -O2 -D_GNU_SOURCE -D_REENTRANT -D_THREAD_SAFE -Wno-long-long  conftest.cpp >&5
configure:19883: $? = 0
configure:19883: g++ -c -g -O2 -D_GNU_SOURCE -D_REENTRANT -D_THREAD_SAFE -Wno-long-long  conftest.cpp >&5
conftest.cpp: In function 'int main()':
conftest.cpp:86:20: error: expected primary-expression before ')' token
 if (sizeof ((size_t)))
                    ^
configure:19883: $? = 1
configure: failed program was:
| /* confdefs.h */
| #define PACKAGE_NAME "zeromq"
| #define PACKAGE_TARNAME "zeromq"
| #define PACKAGE_VERSION "4.1.6"
| #define PACKAGE_STRING "zeromq 4.1.6"
| #define PACKAGE_BUGREPORT "zeromq-dev@lists.zeromq.org"
| #define PACKAGE_URL ""
| #define PACKAGE "zeromq"
| #define VERSION "4.1.6"
| #define STDC_HEADERS 1
| #define HAVE_SYS_TYPES_H 1
| #define HAVE_SYS_STAT_H 1
| #define HAVE_STDLIB_H 1
| #define HAVE_STRING_H 1
| #define HAVE_MEMORY_H 1
| #define HAVE_STRINGS_H 1
| #define HAVE_INTTYPES_H 1
| #define HAVE_STDINT_H 1
| #define HAVE_UNISTD_H 1
| #define HAVE_DLFCN_H 1
| #define LT_OBJDIR ".libs/"
| #define ZMQ_HAVE_LINUX 1
| #define HAVE_LIBPTHREAD 1
| #define HAVE_LIBRT 1
| #define ZMQ_USE_EPOLL 1
| #define STDC_HEADERS 1
| #define HAVE_ERRNO_H 1
| #define HAVE_TIME_H 1
| #define HAVE_UNISTD_H 1
| #define HAVE_LIMITS_H 1
| #define HAVE_STDDEF_H 1
| #define HAVE_STDLIB_H 1
| #define HAVE_STRING_H 1
| #define HAVE_ARPA_INET_H 1
| #define HAVE_NETINET_TCP_H 1
| #define HAVE_NETINET_IN_H 1
| #define HAVE_SYS_SOCKET_H 1
| #define HAVE_SYS_TIME_H 1
| #define HAVE_IFADDRS_H 1
| #define ZMQ_HAVE_IFADDRS 1
| #define HAVE_SYS_UIO_H 1
| #define ZMQ_HAVE_UIO 1
| #define HAVE_SYS_EVENTFD_H 1
| #define ZMQ_HAVE_EVENTFD 1
| #define HAVE_DECL_SO_PEERCRED 1
| #define ZMQ_HAVE_SO_PEERCRED 1
| #define HAVE_DECL_LOCAL_PEERCRED 0
| #define HAVE_STDBOOL_H 1
| /* end confdefs.h.  */
| #include <stdio.h>
| #ifdef HAVE_SYS_TYPES_H
| # include <sys/types.h>
| #endif
| #ifdef HAVE_SYS_STAT_H
| # include <sys/stat.h>
| #endif
| #ifdef STDC_HEADERS
| # include <stdlib.h>
| # include <stddef.h>
| #else
| # ifdef HAVE_STDLIB_H
| #  include <stdlib.h>
| # endif
| #endif
| #ifdef HAVE_STRING_H
| # if !defined STDC_HEADERS && defined HAVE_MEMORY_H
| #  include <memory.h>
| # endif
| # include <string.h>
| #endif
| #ifdef HAVE_STRINGS_H
| # include <strings.h>
| #endif
| #ifdef HAVE_INTTYPES_H
| # include <inttypes.h>
| #endif
| #ifdef HAVE_STDINT_H
| # include <stdint.h>
| #endif
| #ifdef HAVE_UNISTD_H
| # include <unistd.h>
| #endif
| int
| main ()
| {
| if (sizeof ((size_t)))
| 	    return 0;
|   ;
|   return 0;
| }
configure:19883: result: yes
configure:19894: checking for ssize_t
configure:19894: g++ -c -g -O2 -D_GNU_SOURCE -D_REENTRANT -D_THREAD_SAFE -Wno-long-long  conftest.cpp >&5
configure:19894: $? = 0
configure:19894: g++ -c -g -O2 -D_GNU_SOURCE -D_REENTRANT -D_THREAD_SAFE -Wno-long-long  conftest.cpp >&5
conftest.cpp: In function 'int main()':
conftest.cpp:86:21: error: expected primary-expression before ')' token
 if (sizeof ((ssize_t)))
                     ^
configure:19894: $? = 1
configure: failed program was:
| /* confdefs.h */
| #define PACKAGE_NAME "zeromq"
| #define PACKAGE_TARNAME "zeromq"
| #define PACKAGE_VERSION "4.1.6"
| #define PACKAGE_STRING "zeromq 4.1.6"
| #define PACKAGE_BUGREPORT "zeromq-dev@lists.zeromq.org"
| #define PACKAGE_URL ""
| #define PACKAGE "zeromq"
| #define VERSION "4.1.6"
| #define STDC_HEADERS 1
| #define HAVE_SYS_TYPES_H 1
| #define HAVE_SYS_STAT_H 1
| #define HAVE_STDLIB_H 1
| #define HAVE_STRING_H 1
| #define HAVE_MEMORY_H 1
| #define HAVE_STRINGS_H 1
| #define HAVE_INTTYPES_H 1
| #define HAVE_STDINT_H 1
| #define HAVE_UNISTD_H 1
| #define HAVE_DLFCN_H 1
| #define LT_OBJDIR ".libs/"
| #define ZMQ_HAVE_LINUX 1
| #define HAVE_LIBPTHREAD 1
| #define HAVE_LIBRT 1
| #define ZMQ_USE_EPOLL 1
| #define STDC_HEADERS 1
| #define HAVE_ERRNO_H 1
| #define HAVE_TIME_H 1
| #define HAVE_UNISTD_H 1
| #define HAVE_LIMITS_H 1
| #define HAVE_STDDEF_H 1
| #define HAVE_STDLIB_H 1
| #define HAVE_STRING_H 1
| #define HAVE_ARPA_INET_H 1
| #define HAVE_NETINET_TCP_H 1
| #define HAVE_NETINET_IN_H 1
| #define HAVE_SYS_SOCKET_H 1
| #define HAVE_SYS_TIME_H 1
| #define HAVE_IFADDRS_H 1
| #define ZMQ_HAVE_IFADDRS 1
| #define HAVE_SYS_UIO_H 1
| #define ZMQ_HAVE_UIO 1
| #define HAVE_SYS_EVENTFD_H 1
| #define ZMQ_HAVE_EVENTFD 1
| #define HAVE_DECL_SO_PEERCRED 1
| #define ZMQ_HAVE_SO_PEERCRED 1
| #define HAVE_DECL_LOCAL_PEERCRED 0
| #define HAVE_STDBOOL_H 1
| /* end confdefs.h.  */
| #include <stdio.h>
| #ifdef HAVE_SYS_TYPES_H
| # include <sys/types.h>
| #endif
| #ifdef HAVE_SYS_STAT_H
| # include <sys/stat.h>
| #endif
| #ifdef STDC_HEADERS
| # include <stdlib.h>
| # include <stddef.h>
| #else
| # ifdef HAVE_STDLIB_H
| #  include <stdlib.h>
| # endif
| #endif
| #ifdef HAVE_STRING_H
| # if !defined STDC_HEADERS && defined HAVE_MEMORY_H
| #  include <memory.h>
| # endif
| # include <string.h>
| #endif
| #ifdef HAVE_STRINGS_H
| # include <strings.h>
| #endif
| #ifdef HAVE_INTTYPES_H
| # include <inttypes.h>
| #endif
| #ifdef HAVE_STDINT_H
| # include <stdint.h>
| #endif
| #ifdef HAVE_UNISTD_H
| # include <unistd.h>
| #endif
| int
| main ()
| {
| if (sizeof ((ssize_t)))
| 	    return 0;
|   ;
|   return 0;
| }
configure:19894: result: yes
configure:19907: checking whether time.h and sys/time.h may both be included
configure:19927: g++ -c -g -O2 -D_GNU_SOURCE -D_REENTRANT -D_THREAD_SAFE -Wno-long-long  conftest.cpp >&5
configure:19927: $? = 0
configure:19934: result: yes
configure:19942: checking for uint32_t
configure:19942: g++ -c -g -O2 -D_GNU_SOURCE -D_REENTRANT -D_THREAD_SAFE -Wno-long-long  conftest.cpp >&5
configure:19942: $? = 0
configure:19942: result: yes
configure:19956: checking for working volatile
configure:19975: g++ -c -g -O2 -D_GNU_SOURCE -D_REENTRANT -D_THREAD_SAFE -Wno-long-long  conftest.cpp >&5
configure:19975: $? = 0
configure:19982: result: yes
configure:20174: Using tweetnacl for CURVE security
configure:20507: checking "with_norm_ext = no"
configure:20524: result: no
configure:20539: checking how to enable additional warnings for C++ compiler
configure:20574: result: -Wall
configure:20586: checking how to turn warnings to errors in C++ compiler
configure:20617: result: -Werror
configure:20630: checking how to enable strict standards compliance in C++ compiler
configure:20665: result: -pedantic
configure:20716: checking return type of signal handlers
configure:20734: g++ -c -g -O2 -pedantic -Werror -Wall -D_GNU_SOURCE -D_REENTRANT -D_THREAD_SAFE -Wno-long-long  conftest.cpp >&5
conftest.cpp: In function 'int main()':
conftest.cpp:59:25: error: void value not ignored as it ought to be
 return *(signal (0, 0)) (0) == 1;
                         ^
configure:20734: $? = 1
configure: failed program was:
| /* confdefs.h */
| #define PACKAGE_NAME "zeromq"
| #define PACKAGE_TARNAME "zeromq"
| #define PACKAGE_VERSION "4.1.6"
| #define PACKAGE_STRING "zeromq 4.1.6"
| #define PACKAGE_BUGREPORT "zeromq-dev@lists.zeromq.org"
| #define PACKAGE_URL ""
| #define PACKAGE "zeromq"
| #define VERSION "4.1.6"
| #define STDC_HEADERS 1
| #define HAVE_SYS_TYPES_H 1
| #define HAVE_SYS_STAT_H 1
| #define HAVE_STDLIB_H 1
| #define HAVE_STRING_H 1
| #define HAVE_MEMORY_H 1
| #define HAVE_STRINGS_H 1
| #define HAVE_INTTYPES_H 1
| #define HAVE_STDINT_H 1
| #define HAVE_UNISTD_H 1
| #define HAVE_DLFCN_H 1
| #define LT_OBJDIR ".libs/"
| #define ZMQ_HAVE_LINUX 1
| #define HAVE_LIBPTHREAD 1
| #define HAVE_LIBRT 1
| #define ZMQ_USE_EPOLL 1
| #define STDC_HEADERS 1
| #define HAVE_ERRNO_H 1
| #define HAVE_TIME_H 1
| #define HAVE_UNISTD_H 1
| #define HAVE_LIMITS_H 1
| #define HAVE_STDDEF_H 1
| #define HAVE_STDLIB_H 1
| #define HAVE_STRING_H 1
| #define HAVE_ARPA_INET_H 1
| #define HAVE_NETINET_TCP_H 1
| #define HAVE_NETINET_IN_H 1
| #define HAVE_SYS_SOCKET_H 1
| #define HAVE_SYS_TIME_H 1
| #define HAVE_IFADDRS_H 1
| #define ZMQ_HAVE_IFADDRS 1
| #define HAVE_SYS_UIO_H 1
| #define ZMQ_HAVE_UIO 1
| #define HAVE_SYS_EVENTFD_H 1
| #define ZMQ_HAVE_EVENTFD 1
| #define HAVE_DECL_SO_PEERCRED 1
| #define ZMQ_HAVE_SO_PEERCRED 1
| #define HAVE_DECL_LOCAL_PEERCRED 0
| #define HAVE_STDBOOL_H 1
| #define TIME_WITH_SYS_TIME 1
| #define ZMQ_HAVE_CURVE 1
| #define ZMQ_USE_TWEETNACL 1
| /* end confdefs.h.  */
| #include <sys/types.h>
| #include <signal.h>
| 
| int
| main ()
| {
| return *(signal (0, 0)) (0) == 1;
|   ;
|   return 0;
| }
configure:20741: result: void
configure:20752: checking for perror
configure:20752: g++ -o conftest -g -O2 -pedantic -Werror -Wall -D_GNU_SOURCE -D_REENTRANT -D_THREAD_SAFE -Wno-long-long   conftest.cpp -lrt -lpthread  >&5
configure:20752: $? = 0
configure:20752: result: yes
configure:20752: checking for gettimeofday
configure:20752: g++ -o conftest -g -O2 -pedantic -Werror -Wall -D_GNU_SOURCE -D_REENTRANT -D_THREAD_SAFE -Wno-long-long   conftest.cpp -lrt -lpthread  >&5
configure:20752: $? = 0
configure:20752: result: yes
configure:20752: checking for clock_gettime
configure:20752: g++ -o conftest -g -O2 -pedantic -Werror -Wall -D_GNU_SOURCE -D_REENTRANT -D_THREAD_SAFE -Wno-long-long   conftest.cpp -lrt -lpthread  >&5
configure:20752: $? = 0
configure:20752: result: yes
configure:20752: checking for memset
configure:20752: g++ -o conftest -g -O2 -pedantic -Werror -Wall -D_GNU_SOURCE -D_REENTRANT -D_THREAD_SAFE -Wno-long-long   conftest.cpp -lrt -lpthread  >&5
configure:20752: $? = 0
configure:20752: result: yes
configure:20752: checking for socket
configure:20752: g++ -o conftest -g -O2 -pedantic -Werror -Wall -D_GNU_SOURCE -D_REENTRANT -D_THREAD_SAFE -Wno-long-long   conftest.cpp -lrt -lpthread  >&5
configure:20752: $? = 0
configure:20752: result: yes
configure:20752: checking for getifaddrs
configure:20752: g++ -o conftest -g -O2 -pedantic -Werror -Wall -D_GNU_SOURCE -D_REENTRANT -D_THREAD_SAFE -Wno-long-long   conftest.cpp -lrt -lpthread  >&5
configure:20752: $? = 0
configure:20752: result: yes
configure:20752: checking for freeifaddrs
configure:20752: g++ -o conftest -g -O2 -pedantic -Werror -Wall -D_GNU_SOURCE -D_REENTRANT -D_THREAD_SAFE -Wno-long-long   conftest.cpp -lrt -lpthread  >&5
configure:20752: $? = 0
configure:20752: result: yes
configure:20752: checking for fork
configure:20752: g++ -o conftest -g -O2 -pedantic -Werror -Wall -D_GNU_SOURCE -D_REENTRANT -D_THREAD_SAFE -Wno-long-long   conftest.cpp -lrt -lpthread  >&5
configure:20752: $? = 0
configure:20752: result: yes
configure:20764: checking alloca.h usability
configure:20764: g++ -c -g -O2 -pedantic -Werror -Wall -D_GNU_SOURCE -D_REENTRANT -D_THREAD_SAFE -Wno-long-long  conftest.cpp >&5
configure:20764: $? = 0
configure:20764: result: yes
configure:20764: checking alloca.h presence
configure:20764: g++ -E -pedantic -Werror -Wall -D_GNU_SOURCE -D_REENTRANT -D_THREAD_SAFE -Wno-long-long  conftest.cpp
configure:20764: $? = 0
configure:20764: result: yes
configure:20764: checking for alloca.h
configure:20764: result: yes
configure:20776: checking whether SOCK_CLOEXEC is supported
configure:20796: g++ -o conftest -g -O2 -pedantic -Werror -Wall -D_GNU_SOURCE -D_REENTRANT -D_THREAD_SAFE -Wno-long-long   conftest.cpp -lrt -lpthread  >&5
configure:20796: $? = 0
configure:20796: ./conftest
configure:20796: $? = 0
configure:20797: result: yes
configure:20815: checking whether SO_KEEPALIVE is supported
configure:20838: g++ -o conftest -g -O2 -pedantic -Werror -Wall -D_GNU_SOURCE -D_REENTRANT -D_THREAD_SAFE -Wno-long-long   conftest.cpp -lrt -lpthread  >&5
configure:20838: $? = 0
configure:20838: ./conftest
configure:20838: $? = 0
configure:20839: result: yes
configure:20856: checking whether TCP_KEEPCNT is supported
configure:20882: g++ -o conftest -g -O2 -pedantic -Werror -Wall -D_GNU_SOURCE -D_REENTRANT -D_THREAD_SAFE -Wno-long-long   conftest.cpp -lrt -lpthread  >&5
configure:20882: $? = 0
configure:20882: ./conftest
configure:20882: $? = 0
configure:20883: result: yes
configure:20900: checking whether TCP_KEEPIDLE is supported
configure:20926: g++ -o conftest -g -O2 -pedantic -Werror -Wall -D_GNU_SOURCE -D_REENTRANT -D_THREAD_SAFE -Wno-long-long   conftest.cpp -lrt -lpthread  >&5
configure:20926: $? = 0
configure:20926: ./conftest
configure:20926: $? = 0
configure:20927: result: yes
configure:20944: checking whether TCP_KEEPINTVL is supported
configure:20970: g++ -o conftest -g -O2 -pedantic -Werror -Wall -D_GNU_SOURCE -D_REENTRANT -D_THREAD_SAFE -Wno-long-long   conftest.cpp -lrt -lpthread  >&5
configure:20970: $? = 0
configure:20970: ./conftest
configure:20970: $? = 0
configure:20971: result: yes
configure:20988: checking whether TCP_KEEPALIVE is supported
configure:21014: g++ -o conftest -g -O2 -pedantic -Werror -Wall -D_GNU_SOURCE -D_REENTRANT -D_THREAD_SAFE -Wno-long-long   conftest.cpp -lrt -lpthread  >&5
conftest.cpp: In function 'int main(int, char**)':
conftest.cpp:80:44: error: 'TCP_KEEPALIVE' was not declared in this scope
         ((rc = setsockopt (s, IPPROTO_TCP, TCP_KEEPALIVE, (char*) &opt, sizeof (int))) == -1)
                                            ^
configure:21014: $? = 1
configure: program exited with status 1
configure: failed program was:
| /* confdefs.h */
| #define PACKAGE_NAME "zeromq"
| #define PACKAGE_TARNAME "zeromq"
| #define PACKAGE_VERSION "4.1.6"
| #define PACKAGE_STRING "zeromq 4.1.6"
| #define PACKAGE_BUGREPORT "zeromq-dev@lists.zeromq.org"
| #define PACKAGE_URL ""
| #define PACKAGE "zeromq"
| #define VERSION "4.1.6"
| #define STDC_HEADERS 1
| #define HAVE_SYS_TYPES_H 1
| #define HAVE_SYS_STAT_H 1
| #define HAVE_STDLIB_H 1
| #define HAVE_STRING_H 1
| #define HAVE_MEMORY_H 1
| #define HAVE_STRINGS_H 1
| #define HAVE_INTTYPES_H 1
| #define HAVE_STDINT_H 1
| #define HAVE_UNISTD_H 1
| #define HAVE_DLFCN_H 1
| #define LT_OBJDIR ".libs/"
| #define ZMQ_HAVE_LINUX 1
| #define HAVE_LIBPTHREAD 1
| #define HAVE_LIBRT 1
| #define ZMQ_USE_EPOLL 1
| #define STDC_HEADERS 1
| #define HAVE_ERRNO_H 1
| #define HAVE_TIME_H 1
| #define HAVE_UNISTD_H 1
| #define HAVE_LIMITS_H 1
| #define HAVE_STDDEF_H 1
| #define HAVE_STDLIB_H 1
| #define HAVE_STRING_H 1
| #define HAVE_ARPA_INET_H 1
| #define HAVE_NETINET_TCP_H 1
| #define HAVE_NETINET_IN_H 1
| #define HAVE_SYS_SOCKET_H 1
| #define HAVE_SYS_TIME_H 1
| #define HAVE_IFADDRS_H 1
| #define ZMQ_HAVE_IFADDRS 1
| #define HAVE_SYS_UIO_H 1
| #define ZMQ_HAVE_UIO 1
| #define HAVE_SYS_EVENTFD_H 1
| #define ZMQ_HAVE_EVENTFD 1
| #define HAVE_DECL_SO_PEERCRED 1
| #define ZMQ_HAVE_SO_PEERCRED 1
| #define HAVE_DECL_LOCAL_PEERCRED 0
| #define HAVE_STDBOOL_H 1
| #define TIME_WITH_SYS_TIME 1
| #define ZMQ_HAVE_CURVE 1
| #define ZMQ_USE_TWEETNACL 1
| #define RETSIGTYPE void
| #define HAVE_PERROR 1
| #define HAVE_GETTIMEOFDAY 1
| #define HAVE_CLOCK_GETTIME 1
| #define HAVE_MEMSET 1
| #define HAVE_SOCKET 1
| #define HAVE_GETIFADDRS 1
| #define HAVE_FREEIFADDRS 1
| #define HAVE_FORK 1
| #define HAVE_ALLOCA_H 1
| #define ZMQ_HAVE_SOCK_CLOEXEC 1
| #define ZMQ_HAVE_SO_KEEPALIVE 1
| #define ZMQ_HAVE_TCP_KEEPCNT 1
| #define ZMQ_HAVE_TCP_KEEPIDLE 1
| #define ZMQ_HAVE_TCP_KEEPINTVL 1
| /* end confdefs.h.  */
| /* TCP_KEEPALIVE test */
| #include <sys/types.h>
| #include <sys/socket.h>
| #include <netinet/in.h>
| #include <netinet/tcp.h>
| 
| int main (int argc, char *argv [])
| {
|     int s, rc, opt = 1;
|     return (
|         ((s = socket (PF_INET, SOCK_STREAM, 0)) == -1) ||
|         ((rc = setsockopt (s, SOL_SOCKET, SO_KEEPALIVE, (char*) &opt, sizeof (int))) == -1) ||
|         ((rc = setsockopt (s, IPPROTO_TCP, TCP_KEEPALIVE, (char*) &opt, sizeof (int))) == -1)
|     );
| }
| 
configure:21022: result: no
configure:21168: checking that generated files are newer than configure
configure:21174: result: done
configure:21249: creating ./config.status

## ---------------------- ##
## Running config.status. ##
## ---------------------- ##

This file was extended by zeromq config.status 4.1.6, which was
generated by GNU Autoconf 2.69.  Invocation command line was

  CONFIG_FILES    = 
  CONFIG_HEADERS  = 
  CONFIG_LINKS    = 
  CONFIG_COMMANDS = 
  $ ./config.status 

on brent-VirtualBox

config.status:1239: creating Makefile
config.status:1239: creating src/libzmq.pc
config.status:1239: creating doc/Makefile
config.status:1239: creating builds/Makefile
config.status:1239: creating builds/msvc/Makefile
config.status:1239: creating builds/redhat/zeromq.spec
config.status:1239: creating src/platform.hpp
config.status:1468: executing depfiles commands
config.status:1468: executing libtool commands

## ---------------- ##
## Cache variables. ##
## ---------------- ##

ac_cv_build=x86_64-pc-linux-gnu
ac_cv_c_compiler_gnu=yes
ac_cv_c_const=yes
ac_cv_c_inline=inline
ac_cv_c_uint32_t=yes
ac_cv_c_volatile=yes
ac_cv_cxx_compiler_gnu=yes
ac_cv_env_ASCIIDOC_set=
ac_cv_env_ASCIIDOC_value=
ac_cv_env_CCC_set=
ac_cv_env_CCC_value=
ac_cv_env_CC_set=
ac_cv_env_CC_value=
ac_cv_env_CFLAGS_set=
ac_cv_env_CFLAGS_value=
ac_cv_env_CPPFLAGS_set=
ac_cv_env_CPPFLAGS_value=
ac_cv_env_CPP_set=
ac_cv_env_CPP_value=
ac_cv_env_CXXCPP_set=
ac_cv_env_CXXCPP_value=
ac_cv_env_CXXFLAGS_set=
ac_cv_env_CXXFLAGS_value=
ac_cv_env_CXX_set=
ac_cv_env_CXX_value=
ac_cv_env_LDFLAGS_set=
ac_cv_env_LDFLAGS_value=
ac_cv_env_LIBS_set=
ac_cv_env_LIBS_value=
ac_cv_env_LT_SYS_LIBRARY_PATH_set=
ac_cv_env_LT_SYS_LIBRARY_PATH_value=
ac_cv_env_PKG_CONFIG_LIBDIR_set=
ac_cv_env_PKG_CONFIG_LIBDIR_value=
ac_cv_env_PKG_CONFIG_PATH_set=
ac_cv_env_PKG_CONFIG_PATH_value=
ac_cv_env_PKG_CONFIG_set=
ac_cv_env_PKG_CONFIG_value=
ac_cv_env_XMLTO_set=
ac_cv_env_XMLTO_value=
ac_cv_env_build_alias_set=
ac_cv_env_build_alias_value=
ac_cv_env_host_alias_set=
ac_cv_env_host_alias_value=
ac_cv_env_pgm_CFLAGS_set=
ac_cv_env_pgm_CFLAGS_value=
ac_cv_env_pgm_LIBS_set=
ac_cv_env_pgm_LIBS_value=
ac_cv_env_sodium_CFLAGS_set=
ac_cv_env_sodium_CFLAGS_value=
ac_cv_env_sodium_LIBS_set=
ac_cv_env_sodium_LIBS_value=
ac_cv_env_target_alias_set=
ac_cv_env_target_alias_value=
ac_cv_func_clock_gettime=yes
ac_cv_func_fork=yes
ac_cv_func_freeifaddrs=yes
ac_cv_func_getifaddrs=yes
ac_cv_func_gettimeofday=yes
ac_cv_func_memset=yes
ac_cv_func_perror=yes
ac_cv_func_socket=yes
ac_cv_have_decl_LOCAL_PEERCRED=no
ac_cv_have_decl_SO_PEERCRED=yes
ac_cv_header_alloca_h=yes
ac_cv_header_arpa_inet_h=yes
ac_cv_header_dlfcn_h=yes
ac_cv_header_errno_h=yes
ac_cv_header_ifaddrs_h=yes
ac_cv_header_inttypes_h=yes
ac_cv_header_limits_h=yes
ac_cv_header_memory_h=yes
ac_cv_header_netinet_in_h=yes
ac_cv_header_netinet_tcp_h=yes
ac_cv_header_stdbool_h=yes
ac_cv_header_stdc=yes
ac_cv_header_stddef_h=yes
ac_cv_header_stdint_h=yes
ac_cv_header_stdlib_h=yes
ac_cv_header_string_h=yes
ac_cv_header_strings_h=yes
ac_cv_header_sys_eventfd_h=yes
ac_cv_header_sys_socket_h=yes
ac_cv_header_sys_stat_h=yes
ac_cv_header_sys_time_h=yes
ac_cv_header_sys_types_h=yes
ac_cv_header_sys_uio_h=yes
ac_cv_header_time=yes
ac_cv_header_time_h=yes
ac_cv_header_unistd_h=yes
ac_cv_host=x86_64-pc-linux-gnu
ac_cv_lib_pthread_pthread_create=yes
ac_cv_lib_rt_clock_gettime=yes
ac_cv_objext=o
ac_cv_path_EGREP='/bin/grep -E'
ac_cv_path_FGREP='/bin/grep -F'
ac_cv_path_GREP=/bin/grep
ac_cv_path_SED=/bin/sed
ac_cv_path_ac_pt_PKG_CONFIG=/usr/bin/pkg-config
ac_cv_path_install='/usr/bin/install -c'
ac_cv_path_lt_DD=/bin/dd
ac_cv_path_mkdir=/bin/mkdir
ac_cv_prog_AWK=mawk
ac_cv_prog_CPP='gcc -E'
ac_cv_prog_CXXCPP='g++ -E'
ac_cv_prog_ac_ct_AR=ar
ac_cv_prog_ac_ct_CC=gcc
ac_cv_prog_ac_ct_CXX=g++
ac_cv_prog_ac_ct_DLLTOOL=dlltool
ac_cv_prog_ac_ct_MANIFEST_TOOL=mt
ac_cv_prog_ac_ct_OBJDUMP=objdump
ac_cv_prog_ac_ct_RANLIB=ranlib
ac_cv_prog_ac_ct_STRIP=strip
ac_cv_prog_cc_c89=
ac_cv_prog_cc_c99=
ac_cv_prog_cc_g=yes
ac_cv_prog_cxx_g=yes
ac_cv_prog_libzmq_have_asciidoc=no
ac_cv_prog_libzmq_have_xmlto=no
ac_cv_prog_make_make_set=yes
ac_cv_type__Bool=no
ac_cv_type_signal=void
ac_cv_type_size_t=yes
ac_cv_type_ssize_t=yes
am_cv_CC_dependencies_compiler_type=gcc3
am_cv_CXX_dependencies_compiler_type=gcc3
am_cv_make_support_nested_variables=yes
am_cv_prog_cc_c_o=yes
am_cv_prog_tar_ustar=gnutar
libzmq_cv_c_clang_compiler=no
libzmq_cv_c_compiler_works=yes
libzmq_cv_c_gcc4_compiler=yes
libzmq_cv_c_intel_compiler=no
libzmq_cv_c_sun_studio_compiler=no
libzmq_cv_check_lang_flag_save_CPPFLAGS='-D_GNU_SOURCE -D_REENTRANT -D_THREAD_SAFE -Wno-long-long '
libzmq_cv_cxx_clang_compiler=no
libzmq_cv_cxx_compiler_works=yes
libzmq_cv_cxx_gcc4_compiler=yes
libzmq_cv_cxx_intel_compiler=no
libzmq_cv_cxx_strict_flag=-pedantic
libzmq_cv_cxx_sun_studio_compiler=no
libzmq_cv_cxx_supports_flag__fvisibility_hidden=yes
libzmq_cv_cxx_visibility_flag=-fvisibility=hidden
libzmq_cv_cxx_wall_flag=-Wall
libzmq_cv_cxx_werror_flag=-Werror
libzmq_cv_cxx_werror_flag_save=
libzmq_cv_so_keepalive=yes
libzmq_cv_sock_cloexec=yes
libzmq_cv_tcp_keepalive=no
libzmq_cv_tcp_keepcnt=yes
libzmq_cv_tcp_keepidle=yes
libzmq_cv_tcp_keepintvl=yes
lt_cv_ar_at_file=@
lt_cv_archive_cmds_need_lc=no
lt_cv_deplibs_check_method=pass_all
lt_cv_file_magic_cmd='$MAGIC_CMD'
lt_cv_file_magic_test_file=
lt_cv_ld_reload_flag=-r
lt_cv_nm_interface='BSD nm'
lt_cv_objdir=.libs
lt_cv_path_LD=/usr/bin/ld
lt_cv_path_LDCXX='/usr/bin/ld -m elf_x86_64'
lt_cv_path_NM='/usr/bin/nm -B'
lt_cv_path_mainfest_tool=no
lt_cv_prog_compiler_c_o=yes
lt_cv_prog_compiler_c_o_CXX=yes
lt_cv_prog_compiler_pic='-fPIC -DPIC'
lt_cv_prog_compiler_pic_CXX='-fPIC -DPIC'
lt_cv_prog_compiler_pic_works=yes
lt_cv_prog_compiler_pic_works_CXX=yes
lt_cv_prog_compiler_rtti_exceptions=no
lt_cv_prog_compiler_static_works=yes
lt_cv_prog_compiler_static_works_CXX=yes
lt_cv_prog_gnu_ld=yes
lt_cv_prog_gnu_ldcxx=yes
lt_cv_sharedlib_from_linklib_cmd='printf %s\n'
lt_cv_shlibpath_overrides_runpath=no
lt_cv_sys_global_symbol_pipe='sed -n -e '\''s/^.*[	 ]\([ABCDGIRSTW][ABCDGIRSTW]*\)[	 ][	 ]*\([_A-Za-z][_A-Za-z0-9]*\)$/\1 \2 \2/p'\'' | sed '\''/ __gnu_lto/d'\'''
lt_cv_sys_global_symbol_to_c_name_address='sed -n -e '\''s/^: \(.*\) .*$/  {"\1", (void *) 0},/p'\'' -e '\''s/^[ABCDGIRSTW][ABCDGIRSTW]* .* \(.*\)$/  {"\1", (void *) \&\1},/p'\'''
lt_cv_sys_global_symbol_to_c_name_address_lib_prefix='sed -n -e '\''s/^: \(.*\) .*$/  {"\1", (void *) 0},/p'\'' -e '\''s/^[ABCDGIRSTW][ABCDGIRSTW]* .* \(lib.*\)$/  {"\1", (void *) \&\1},/p'\'' -e '\''s/^[ABCDGIRSTW][ABCDGIRSTW]* .* \(.*\)$/  {"lib\1", (void *) \&\1},/p'\'''
lt_cv_sys_global_symbol_to_cdecl='sed -n -e '\''s/^T .* \(.*\)$/extern int \1();/p'\'' -e '\''s/^[ABCDGIRSTW][ABCDGIRSTW]* .* \(.*\)$/extern char \1;/p'\'''
lt_cv_sys_global_symbol_to_import=
lt_cv_sys_max_cmd_len=1572864
lt_cv_to_host_file_cmd=func_convert_file_noop
lt_cv_to_tool_file_cmd=func_convert_file_noop
lt_cv_truncate_bin='/bin/dd bs=4096 count=1'

## ----------------- ##
## Output variables. ##
## ----------------- ##

ACLOCAL='${SHELL} /home/brent/dev/zeromq/zeromq-4.1.6/config/missing aclocal-1.15'
AMDEPBACKSLASH='\'
AMDEP_FALSE='#'
AMDEP_TRUE=''
AMTAR='$${TAR-tar}'
AM_BACKSLASH='\'
AM_DEFAULT_V='$(AM_DEFAULT_VERBOSITY)'
AM_DEFAULT_VERBOSITY='0'
AM_V='$(V)'
AR='ar'
AS='as'
ASCIIDOC=''
AUTOCONF='${SHELL} /home/brent/dev/zeromq/zeromq-4.1.6/config/missing autoconf'
AUTOHEADER='${SHELL} /home/brent/dev/zeromq/zeromq-4.1.6/config/missing autoheader'
AUTOMAKE='${SHELL} /home/brent/dev/zeromq/zeromq-4.1.6/config/missing automake-1.15'
AWK='mawk'
BUILD_DOC_FALSE=''
BUILD_DOC_TRUE='#'
BUILD_TIPC_FALSE=''
BUILD_TIPC_TRUE='#'
CC='gcc'
CCDEPMODE='depmode=gcc3'
CFLAGS='-g -O2'
CPP='gcc -E'
CPPFLAGS='-pedantic -Werror -Wall -D_GNU_SOURCE -D_REENTRANT -D_THREAD_SAFE -Wno-long-long '
CXX='g++'
CXXCPP='g++ -E'
CXXDEPMODE='depmode=gcc3'
CXXFLAGS='-g -O2'
CYGPATH_W='echo'
DEFS='-DHAVE_CONFIG_H'
DEPDIR='.deps'
DLLTOOL='dlltool'
DSYMUTIL=''
DUMPBIN=''
ECHO_C=''
ECHO_N='-n'
ECHO_T=''
EGREP='/bin/grep -E'
ENABLE_CURVE_KEYGEN_FALSE=''
ENABLE_CURVE_KEYGEN_TRUE='#'
EXEEXT=''
FGREP='/bin/grep -F'
GREP='/bin/grep'
HAVE_FORK_FALSE='#'
HAVE_FORK_TRUE=''
HAVE_IPC_PEERCRED_FALSE='#'
HAVE_IPC_PEERCRED_TRUE=''
HAVE_PGM_FALSE=''
HAVE_PGM_TRUE='#'
INSTALL_DATA='${INSTALL} -m 644'
INSTALL_MAN_FALSE=''
INSTALL_MAN_TRUE='#'
INSTALL_PROGRAM='${INSTALL}'
INSTALL_SCRIPT='${INSTALL}'
INSTALL_STRIP_PROGRAM='$(install_sh) -c -s'
LD='/usr/bin/ld -m elf_x86_64'
LDFLAGS=''
LIBOBJS=''
LIBS='-lrt -lpthread '
LIBTOOL='$(SHELL) $(top_builddir)/libtool'
LIBZMQ_EXTRA_CFLAGS=''
LIBZMQ_EXTRA_CXXFLAGS='-fvisibility=hidden '
LIBZMQ_EXTRA_LDFLAGS=''
LIPO=''
LN_S='ln -s'
LTLIBOBJS=''
LTVER='5:2:0'
LT_SYS_LIBRARY_PATH=''
MAKEINFO='${SHELL} /home/brent/dev/zeromq/zeromq-4.1.6/config/missing makeinfo'
MANIFEST_TOOL=':'
MKDIR_P='/bin/mkdir -p'
NM='/usr/bin/nm -B'
NMEDIT=''
OBJDUMP='objdump'
OBJEXT='o'
ON_ANDROID_FALSE=''
ON_ANDROID_TRUE='#'
ON_LINUX_FALSE='#'
ON_LINUX_TRUE=''
ON_MINGW_FALSE=''
ON_MINGW_TRUE='#'
OTOOL64=''
OTOOL=''
PACKAGE='zeromq'
PACKAGE_BUGREPORT='zeromq-dev@lists.zeromq.org'
PACKAGE_NAME='zeromq'
PACKAGE_STRING='zeromq 4.1.6'
PACKAGE_TARNAME='zeromq'
PACKAGE_URL=''
PACKAGE_VERSION='4.1.6'
PATH_SEPARATOR=':'
PKG_CONFIG='/usr/bin/pkg-config'
PKG_CONFIG_LIBDIR=''
PKG_CONFIG_PATH=''
RANLIB='ranlib'
SED='/bin/sed'
SET_MAKE=''
SHELL='/bin/bash'
STRIP='strip'
USE_LIBSODIUM_FALSE=''
USE_LIBSODIUM_TRUE='#'
USE_TWEETNACL_FALSE='#'
USE_TWEETNACL_TRUE=''
VERSION='4.1.6'
XMLTO=''
ac_ct_AR='ar'
ac_ct_CC='gcc'
ac_ct_CXX='g++'
ac_ct_DUMPBIN=''
am__EXEEXT_FALSE=''
am__EXEEXT_TRUE='#'
am__fastdepCC_FALSE='#'
am__fastdepCC_TRUE=''
am__fastdepCXX_FALSE='#'
am__fastdepCXX_TRUE=''
am__include='include'
am__isrc=''
am__leading_dot='.'
am__nodep='_no'
am__quote=''
am__tar='tar --format=ustar -chf - "$$tardir"'
am__untar='tar -xf -'
bindir='${exec_prefix}/bin'
build='x86_64-pc-linux-gnu'
build_alias=''
build_cpu='x86_64'
build_os='linux-gnu'
build_vendor='pc'
datadir='${datarootdir}'
datarootdir='${prefix}/share'
docdir='${datarootdir}/doc/${PACKAGE_TARNAME}'
dvidir='${docdir}'
exec_prefix='${prefix}'
host='x86_64-pc-linux-gnu'
host_alias=''
host_cpu='x86_64'
host_os='linux-gnu'
host_vendor='pc'
htmldir='${docdir}'
includedir='${prefix}/include'
infodir='${datarootdir}/info'
install_sh='${SHELL} /home/brent/dev/zeromq/zeromq-4.1.6/config/install-sh'
libdir='${exec_prefix}/lib'
libexecdir='${exec_prefix}/libexec'
libzmq_have_asciidoc='no'
libzmq_have_xmlto='no'
localedir='${datarootdir}/locale'
localstatedir='${prefix}/var'
mandir='${datarootdir}/man'
mkdir_p='$(MKDIR_P)'
oldincludedir='/usr/include'
pdfdir='${docdir}'
pgm_CFLAGS=''
pgm_LIBS=''
pkgconfigdir='${libdir}/pkgconfig'
prefix='/usr/local'
program_transform_name='s,x,x,'
psdir='${docdir}'
runstatedir='${localstatedir}/run'
sbindir='${exec_prefix}/sbin'
sharedstatedir='${prefix}/com'
sodium_CFLAGS=''
sodium_LIBS=''
sysconfdir='${prefix}/etc'
target_alias=''

## ----------- ##
## confdefs.h. ##
## ----------- ##

/* confdefs.h */
#define PACKAGE_NAME "zeromq"
#define PACKAGE_TARNAME "zeromq"
#define PACKAGE_VERSION "4.1.6"
#define PACKAGE_STRING "zeromq 4.1.6"
#define PACKAGE_BUGREPORT "zeromq-dev@lists.zeromq.org"
#define PACKAGE_URL ""
#define PACKAGE "zeromq"
#define VERSION "4.1.6"
#define STDC_HEADERS 1
#define HAVE_SYS_TYPES_H 1
#define HAVE_SYS_STAT_H 1
#define HAVE_STDLIB_H 1
#define HAVE_STRING_H 1
#define HAVE_MEMORY_H 1
#define HAVE_STRINGS_H 1
#define HAVE_INTTYPES_H 1
#define HAVE_STDINT_H 1
#define HAVE_UNISTD_H 1
#define HAVE_DLFCN_H 1
#define LT_OBJDIR ".libs/"
#define ZMQ_HAVE_LINUX 1
#define HAVE_LIBPTHREAD 1
#define HAVE_LIBRT 1
#define ZMQ_USE_EPOLL 1
#define STDC_HEADERS 1
#define HAVE_ERRNO_H 1
#define HAVE_TIME_H 1
#define HAVE_UNISTD_H 1
#define HAVE_LIMITS_H 1
#define HAVE_STDDEF_H 1
#define HAVE_STDLIB_H 1
#define HAVE_STRING_H 1
#define HAVE_ARPA_INET_H 1
#define HAVE_NETINET_TCP_H 1
#define HAVE_NETINET_IN_H 1
#define HAVE_SYS_SOCKET_H 1
#define HAVE_SYS_TIME_H 1
#define HAVE_IFADDRS_H 1
#define ZMQ_HAVE_IFADDRS 1
#define HAVE_SYS_UIO_H 1
#define ZMQ_HAVE_UIO 1
#define HAVE_SYS_EVENTFD_H 1
#define ZMQ_HAVE_EVENTFD 1
#define HAVE_DECL_SO_PEERCRED 1
#define ZMQ_HAVE_SO_PEERCRED 1
#define HAVE_DECL_LOCAL_PEERCRED 0
#define HAVE_STDBOOL_H 1
#define TIME_WITH_SYS_TIME 1
#define ZMQ_HAVE_CURVE 1
#define ZMQ_USE_TWEETNACL 1
#define RETSIGTYPE void
#define HAVE_PERROR 1
#define HAVE_GETTIMEOFDAY 1
#define HAVE_CLOCK_GETTIME 1
#define HAVE_MEMSET 1
#define HAVE_SOCKET 1
#define HAVE_GETIFADDRS 1
#define HAVE_FREEIFADDRS 1
#define HAVE_FORK 1
#define HAVE_ALLOCA_H 1
#define ZMQ_HAVE_SOCK_CLOEXEC 1
#define ZMQ_HAVE_SO_KEEPALIVE 1
#define ZMQ_HAVE_TCP_KEEPCNT 1
#define ZMQ_HAVE_TCP_KEEPIDLE 1
#define ZMQ_HAVE_TCP_KEEPINTVL 1

configure: exit 0
